<?xml version="1.0" encoding="UTF-8"?>
<!-- Generated by org.testng.reporters.JUnitXMLReporter -->
<testsuite ignored="0" hostname="DESKTOP-CI9BF73" failures="0" tests="3" name="Global Print Driver" time="51.185" errors="0" timestamp="2022-12-13T06:08:11 GMT-08:00">
  <testcase classname="com.xeroxDriverPosting.testCases.TC1_Xerox_ModelName_Page_001" name="homePage" time="16.111"/>
  <testcase classname="com.xeroxDriverPosting.testCases.TC1_Xerox_ModelName_Page_001" name="supportPageModelSearchLinkClick" time="28.859"/>
  <testcase classname="com.xeroxDriverPosting.testCases.TC1_Xerox_ModelName_Page_001" name="modelPageValidation" time="0.142"/>
</testsuite> <!-- Global Print Driver -->
