<?xml version="1.0" encoding="UTF-8"?>
<!-- Generated by org.testng.reporters.JUnitXMLReporter -->
<testsuite ignored="0" hostname="DESKTOP-RQDV8HS" failures="0" tests="2" name="Global Print Driver" time="69.991" errors="0" timestamp="2022-12-12T02:03:24 IST">
  <testcase classname="com.xeroxDriverPosting.testCases.TC_SupportPage_001" name="homePage" time="10.28"/>
  <testcase classname="com.xeroxDriverPosting.testCases.TC_SupportPage_001" name="supportPageModelSearchLinkClick" time="36.049"/>
</testsuite> <!-- Global Print Driver -->
