<?xml version="1.0" encoding="UTF-8"?>
<!-- Generated by org.testng.reporters.JUnitXMLReporter -->
<testsuite ignored="0" hostname="DESKTOP-RQDV8HS" failures="0" tests="2" name="Default test" time="56.089" errors="0" timestamp="2022-12-12T01:26:32 IST">
  <testcase classname="com.xeroxDriverPosting.testCases.TC_SupportPage_001" name="homePage" time="10.173"/>
  <testcase classname="com.xeroxDriverPosting.testCases.TC_SupportPage_001" name="supportPageModelSearchLinkClick" time="25.643"/>
</testsuite> <!-- Default test -->
