<?xml version="1.0" encoding="UTF-8"?>
<!-- Generated by org.testng.reporters.JUnitXMLReporter -->
<testsuite ignored="0" hostname="DESKTOP-CI9BF73" failures="0" tests="3" name="Default test" time="68.745" errors="0" timestamp="2022-12-13T06:01:34 GMT-08:00">
  <testcase classname="com.xeroxDriverPosting.testCases.TC3_AltaLinkModelPage_001" name="homePage" time="19.972"/>
  <testcase classname="com.xeroxDriverPosting.testCases.TC3_AltaLinkModelPage_001" name="supportPageModelSearchLinkClick" time="26.26"/>
  <testcase classname="com.xeroxDriverPosting.testCases.TC3_AltaLinkModelPage_001" name="modelPageValidation" time="0.09"/>
</testsuite> <!-- Default test -->
