<?xml version="1.0" encoding="UTF-8"?>
<testng-results ignored="0" total="2" passed="2" failed="0" skipped="0">
  <reporter-output>
  </reporter-output>
  <suite started-at="2022-12-11T23:05:02 IST" name="Default suite" finished-at="2022-12-11T23:05:25 IST" duration-ms="23262">
    <groups>
    </groups>
    <test started-at="2022-12-11T23:05:02 IST" name="Default test" finished-at="2022-12-11T23:05:25 IST" duration-ms="23262">
      <class name="com.xeroxDriverPosting.testCases.TC_SupportPage_001">
        <test-method is-config="true" signature="setup()[pri:0, instance:com.xeroxDriverPosting.testCases.TC_SupportPage_001@1a942c18]" started-at="2022-12-11T23:05:02 IST" name="setup" finished-at="2022-12-11T23:05:08 IST" duration-ms="6624" status="PASS">
          <reporter-output>
          </reporter-output>
        </test-method> <!-- setup -->
        <test-method signature="homePage()[pri:0, instance:com.xeroxDriverPosting.testCases.TC_SupportPage_001@1a942c18]" started-at="2022-12-11T23:05:08 IST" name="homePage" finished-at="2022-12-11T23:05:18 IST" duration-ms="9094" status="PASS">
          <reporter-output>
          </reporter-output>
        </test-method> <!-- homePage -->
        <test-method signature="supportPageModelSearchLinkClick()[pri:1, instance:com.xeroxDriverPosting.testCases.TC_SupportPage_001@1a942c18]" started-at="2022-12-11T23:05:18 IST" name="supportPageModelSearchLinkClick" finished-at="2022-12-11T23:05:25 IST" depends-on-methods="com.xeroxDriverPosting.testCases.TC_SupportPage_001.homePage" duration-ms="7114" status="PASS">
          <reporter-output>
          </reporter-output>
        </test-method> <!-- supportPageModelSearchLinkClick -->
        <test-method is-config="true" signature="tearDown()[pri:0, instance:com.xeroxDriverPosting.testCases.TC_SupportPage_001@1a942c18]" started-at="2022-12-11T23:05:25 IST" name="tearDown" finished-at="2022-12-11T23:05:25 IST" duration-ms="380" status="PASS">
          <reporter-output>
          </reporter-output>
        </test-method> <!-- tearDown -->
      </class> <!-- com.xeroxDriverPosting.testCases.TC_SupportPage_001 -->
    </test> <!-- Default test -->
  </suite> <!-- Default suite -->
</testng-results>
