<?xml version="1.0" encoding="UTF-8"?>
<testng-results ignored="0" total="2" passed="2" failed="0" skipped="0">
  <reporter-output>
  </reporter-output>
  <suite started-at="2022-12-12T02:02:14 IST" name="Driver Posting" finished-at="2022-12-12T02:03:24 IST" duration-ms="69991">
    <groups>
    </groups>
    <test started-at="2022-12-12T02:02:14 IST" name="Global Print Driver" finished-at="2022-12-12T02:03:24 IST" duration-ms="69991">
      <class name="com.xeroxDriverPosting.testCases.TC_SupportPage_001">
        <test-method is-config="true" signature="setup(java.lang.String)[pri:0, instance:com.xeroxDriverPosting.testCases.TC_SupportPage_001@2892d68]" started-at="2022-12-12T02:02:14 IST" name="setup" finished-at="2022-12-12T02:02:32 IST" duration-ms="17673" status="PASS">
          <params>
            <param index="0">
              <value>
                <![CDATA[chrome]]>
              </value>
            </param>
          </params>
          <reporter-output>
          </reporter-output>
        </test-method> <!-- setup -->
        <test-method signature="homePage()[pri:0, instance:com.xeroxDriverPosting.testCases.TC_SupportPage_001@2892d68]" started-at="2022-12-12T02:02:32 IST" name="homePage" finished-at="2022-12-12T02:02:42 IST" duration-ms="10280" status="PASS">
          <reporter-output>
          </reporter-output>
        </test-method> <!-- homePage -->
        <test-method signature="supportPageModelSearchLinkClick()[pri:1, instance:com.xeroxDriverPosting.testCases.TC_SupportPage_001@2892d68]" started-at="2022-12-12T02:02:42 IST" name="supportPageModelSearchLinkClick" finished-at="2022-12-12T02:03:18 IST" depends-on-methods="com.xeroxDriverPosting.testCases.TC_SupportPage_001.homePage" duration-ms="36049" status="PASS">
          <reporter-output>
          </reporter-output>
        </test-method> <!-- supportPageModelSearchLinkClick -->
        <test-method is-config="true" signature="tearDown()[pri:0, instance:com.xeroxDriverPosting.testCases.TC_SupportPage_001@2892d68]" started-at="2022-12-12T02:03:18 IST" name="tearDown" finished-at="2022-12-12T02:03:24 IST" duration-ms="5920" status="PASS">
          <reporter-output>
          </reporter-output>
        </test-method> <!-- tearDown -->
      </class> <!-- com.xeroxDriverPosting.testCases.TC_SupportPage_001 -->
    </test> <!-- Global Print Driver -->
  </suite> <!-- Driver Posting -->
</testng-results>
